0 info it worked if it ends with ok
1 verbose cli [ '/usr/local/bin/node',
1 verbose cli   '/usr/local/bin/npm',
1 verbose cli   'run',
1 verbose cli   'server:dev',
1 verbose cli   '--',
1 verbose cli   '--inline',
1 verbose cli   '--hot' ]
2 info using npm@3.10.10
3 info using node@v6.9.4
4 verbose run-script [ 'preserver:dev', 'server:dev', 'postserver:dev' ]
5 info lifecycle angular-starter@0.0.1~preserver:dev: angular-starter@0.0.1
6 silly lifecycle angular-starter@0.0.1~preserver:dev: no script for preserver:dev, continuing
7 info lifecycle angular-starter@0.0.1~server:dev: angular-starter@0.0.1
8 verbose lifecycle angular-starter@0.0.1~server:dev: unsafe-perm in lifecycle true
9 verbose lifecycle angular-starter@0.0.1~server:dev: PATH: /usr/local/lib/node_modules/npm/bin/node-gyp-bin:/home/pjpena/Documentos/projects/angular-starter/node_modules/.bin:/home/pjpena/Documentos/projects/angular-starter/node_modules/.bin:/home/pjpena/.config/yarn/link/node_modules/.bin:/home/pjpena/Documentos/projects/angular-starter/node_modules/.bin:/home/pjpena/.config/yarn/link/node_modules/.bin:/usr/local/lib/node_modules/yarn/bin/node-gyp-bin:/usr/local/sbin:/usr/local/bin:/usr/sbin:/usr/bin:/sbin:/bin:/usr/games:/usr/local/games:/snap/bin
10 verbose lifecycle angular-starter@0.0.1~server:dev: CWD: /home/pjpena/Documentos/projects/angular-starter
11 silly lifecycle angular-starter@0.0.1~server:dev: Args: [ '-c',
11 silly lifecycle   'webpack-dev-server --config config/webpack/webpack.dev.js --progress --profile --watch --content-base src/ "--inline" "--hot"' ]
12 silly lifecycle angular-starter@0.0.1~server:dev: Returned: code: 1  signal: null
13 info lifecycle angular-starter@0.0.1~server:dev: Failed to exec server:dev script
14 verbose stack Error: angular-starter@0.0.1 server:dev: `webpack-dev-server --config config/webpack/webpack.dev.js --progress --profile --watch --content-base src/ "--inline" "--hot"`
14 verbose stack Exit status 1
14 verbose stack     at EventEmitter.<anonymous> (/usr/local/lib/node_modules/npm/lib/utils/lifecycle.js:255:16)
14 verbose stack     at emitTwo (events.js:106:13)
14 verbose stack     at EventEmitter.emit (events.js:191:7)
14 verbose stack     at ChildProcess.<anonymous> (/usr/local/lib/node_modules/npm/lib/utils/spawn.js:40:14)
14 verbose stack     at emitTwo (events.js:106:13)
14 verbose stack     at ChildProcess.emit (events.js:191:7)
14 verbose stack     at maybeClose (internal/child_process.js:877:16)
14 verbose stack     at Process.ChildProcess._handle.onexit (internal/child_process.js:226:5)
15 verbose pkgid angular-starter@0.0.1
16 verbose cwd /home/pjpena/Documentos/projects/angular-starter
17 error Linux 4.4.0-59-generic
18 error argv "/usr/local/bin/node" "/usr/local/bin/npm" "run" "server:dev" "--" "--inline" "--hot"
19 error node v6.9.4
20 error npm  v3.10.10
21 error code ELIFECYCLE
22 error angular-starter@0.0.1 server:dev: `webpack-dev-server --config config/webpack/webpack.dev.js --progress --profile --watch --content-base src/ "--inline" "--hot"`
22 error Exit status 1
23 error Failed at the angular-starter@0.0.1 server:dev script 'webpack-dev-server --config config/webpack/webpack.dev.js --progress --profile --watch --content-base src/ "--inline" "--hot"'.
23 error Make sure you have the latest version of node.js and npm installed.
23 error If you do, this is most likely a problem with the angular-starter package,
23 error not with npm itself.
23 error Tell the author that this fails on your system:
23 error     webpack-dev-server --config config/webpack/webpack.dev.js --progress --profile --watch --content-base src/ "--inline" "--hot"
23 error You can get information on how to open an issue for this project with:
23 error     npm bugs angular-starter
23 error Or if that isn't available, you can get their info via:
23 error     npm owner ls angular-starter
23 error There is likely additional logging output above.
24 verbose exit [ 1, true ]
